<?xml version="1.0" encoding="UTF-8"?>
<testng-results ignored="0" total="1" passed="1" failed="0" skipped="0">
  <reporter-output>
  </reporter-output>
  <suite started-at="2022-05-09T10:22:39 IST" name="Default suite" finished-at="2022-05-09T10:22:42 IST" duration-ms="2766">
    <groups>
    </groups>
    <test started-at="2022-05-09T10:22:39 IST" name="Default test" finished-at="2022-05-09T10:22:42 IST" duration-ms="2766">
      <class name="practiceApis.getSinglebook">
        <test-method signature="testget()[pri:0, instance:practiceApis.getSinglebook@15eb5ee5]" started-at="2022-05-09T10:22:39 IST" name="testget" finished-at="2022-05-09T10:22:42 IST" duration-ms="2719" status="PASS">
          <reporter-output>
          </reporter-output>
        </test-method> <!-- testget -->
      </class> <!-- practiceApis.getSinglebook -->
    </test> <!-- Default test -->
  </suite> <!-- Default suite -->
</testng-results>
